빌드 시작: 2012-10-30 오후 1:19:15
     1>2 노드의 "C:\Users\LLEEJONG\Documents\소설경\2학년 2학기\알고리즘\HOMEWORK14_RSA algorithm_이종호\HOMEWORK14_RSA algorithm_이종호\HOMEWORK14_RSA algorithm_이종호.vcxproj" 프로젝트(Build 대상)입니다.
     1>ClCompile:
         C:\Program Files (x86)\Microsoft Visual Studio 11.0\VC\bin\CL.exe /c /ZI /nologo /W3 /WX- /Od /Oy- /D WIN32 /D _DEBUG /D _CONSOLE /D _UNICODE /D UNICODE /Gm /EHsc /RTC1 /MDd /GS /fp:precise /Zc:wchar_t /Zc:forScope /Fo"Debug\\" /Fd"Debug\vc110.pdb" /Gd /TC /analyze- /errorReport:prompt main.c
         main.c
     1>c:\users\lleejong\documents\소설경\2학년 2학기\알고리즘\homework14_rsa algorithm_이종호\homework14_rsa algorithm_이종호\main.c(43): warning C4244: '함수' : 'long double'에서 'int'(으)로 변환하면서 데이터가 손실될 수 있습니다.
     1>c:\users\lleejong\documents\소설경\2학년 2학기\알고리즘\homework14_rsa algorithm_이종호\homework14_rsa algorithm_이종호\main.c(42): warning C4101: 'temp' :참조되지 않은 지역 변수입니다.
     1>c:\users\lleejong\documents\소설경\2학년 2학기\알고리즘\homework14_rsa algorithm_이종호\homework14_rsa algorithm_이종호\main.c(50): warning C4244: '함수' : 'long double'에서 'int'(으)로 변환하면서 데이터가 손실될 수 있습니다.
     1>c:\users\lleejong\documents\소설경\2학년 2학기\알고리즘\homework14_rsa algorithm_이종호\homework14_rsa algorithm_이종호\main.c(51): warning C4244: 'return' : 'long double'에서 'int'(으)로 변환하면서 데이터가 손실될 수 있습니다.
     1>c:\users\lleejong\documents\소설경\2학년 2학기\알고리즘\homework14_rsa algorithm_이종호\homework14_rsa algorithm_이종호\main.c(49): warning C4101: 'temp' :참조되지 않은 지역 변수입니다.
     1>c:\users\lleejong\documents\소설경\2학년 2학기\알고리즘\homework14_rsa algorithm_이종호\homework14_rsa algorithm_이종호\main.c(61): warning C4996: 'scanf': This function or variable may be unsafe. Consider using scanf_s instead. To disable deprecation, use _CRT_SECURE_NO_WARNINGS. See online help for details.
                 c:\program files (x86)\microsoft visual studio 11.0\vc\include\stdio.h(290) : 'scanf' 선언을 참조하십시오.
     1>c:\users\lleejong\documents\소설경\2학년 2학기\알고리즘\homework14_rsa algorithm_이종호\homework14_rsa algorithm_이종호\main.c(63): warning C4996: 'scanf': This function or variable may be unsafe. Consider using scanf_s instead. To disable deprecation, use _CRT_SECURE_NO_WARNINGS. See online help for details.
                 c:\program files (x86)\microsoft visual studio 11.0\vc\include\stdio.h(290) : 'scanf' 선언을 참조하십시오.
       Link:
         C:\Program Files (x86)\Microsoft Visual Studio 11.0\VC\bin\link.exe /ERRORREPORT:PROMPT /OUT:"C:\Users\LLEEJONG\Documents\소설경\2학년 2학기\알고리즘\HOMEWORK14_RSA algorithm_이종호\Debug\HOMEWORK14_RSA algorithm_이종호.exe" /INCREMENTAL /NOLOGO kernel32.lib user32.lib gdi32.lib winspool.lib comdlg32.lib advapi32.lib shell32.lib ole32.lib oleaut32.lib uuid.lib odbc32.lib odbccp32.lib /MANIFEST /MANIFESTUAC:"level='asInvoker' uiAccess='false'" /manifest:embed /DEBUG /PDB:"C:\Users\LLEEJONG\Documents\소설경\2학년 2학기\알고리즘\HOMEWORK14_RSA algorithm_이종호\Debug\HOMEWORK14_RSA algorithm_이종호.pdb" /SUBSYSTEM:CONSOLE /TLBID:1 /DYNAMICBASE /NXCOMPAT /IMPLIB:"C:\Users\LLEEJONG\Documents\소설경\2학년 2학기\알고리즘\HOMEWORK14_RSA algorithm_이종호\Debug\HOMEWORK14_RSA algorithm_이종호.lib" /MACHINE:X86 Debug\main.obj
         HOMEWORK14_RSA algorithm_이종호.vcxproj -> C:\Users\LLEEJONG\Documents\소설경\2학년 2학기\알고리즘\HOMEWORK14_RSA algorithm_이종호\Debug\HOMEWORK14_RSA algorithm_이종호.exe
     1>"C:\Users\LLEEJONG\Documents\소설경\2학년 2학기\알고리즘\HOMEWORK14_RSA algorithm_이종호\HOMEWORK14_RSA algorithm_이종호\HOMEWORK14_RSA algorithm_이종호.vcxproj" 프로젝트를 빌드했습니다(Build 대상).

빌드했습니다.

경과 시간: 00:00:00.68
